00:10:05:980  INFO 62588 --- [main] com.hmall.gateway.GatewayApplication     : The following 1 profile is active: "dev"
00:10:06:172 ERROR 62588 --- [com.alibaba.nacos.client.remote.worker] c.a.n.c.remote.client.grpc.GrpcClient    : Server check fail, please check server 192.168.100.128 ,port 9848 is available , error ={}

java.util.concurrent.TimeoutException: Waited 3000 milliseconds (plus 828400 nanoseconds delay) for com.alibaba.nacos.shaded.io.grpc.stub.ClientCalls$GrpcFuture@6d1bdfe7[status=PENDING, info=[GrpcFuture{clientCall={delegate={delegate=ClientCallImpl{method=MethodDescriptor{fullMethodName=Request/request, type=UNARY, idempotent=false, safe=false, sampledToLocalTracing=true, requestMarshaller=com.alibaba.nacos.shaded.io.grpc.protobuf.lite.ProtoLiteUtils$MessageMarshaller@43982337, responseMarshaller=com.alibaba.nacos.shaded.io.grpc.protobuf.lite.ProtoLiteUtils$MessageMarshaller@5b275811, schemaDescriptor=com.alibaba.nacos.api.grpc.auto.RequestGrpc$RequestMethodDescriptorSupplier@2f0ed952}}}}}]]
	at com.alibaba.nacos.shaded.com.google.common.util.concurrent.AbstractFuture.get(AbstractFuture.java:508) ~[nacos-client-2.0.4.jar:na]
	at com.alibaba.nacos.common.remote.client.grpc.GrpcClient.serverCheck(GrpcClient.java:148) ~[nacos-client-2.0.4.jar:na]
	at com.alibaba.nacos.common.remote.client.grpc.GrpcClient.connectToServer(GrpcClient.java:264) ~[nacos-client-2.0.4.jar:na]
	at com.alibaba.nacos.common.remote.client.RpcClient.reconnect(RpcClient.java:522) ~[nacos-client-2.0.4.jar:na]
	at com.alibaba.nacos.common.remote.client.RpcClient.lambda$start$2(RpcClient.java:370) ~[nacos-client-2.0.4.jar:na]
	at java.base/java.util.concurrent.Executors$RunnableAdapter.call(Executors.java:515) ~[na:na]
	at java.base/java.util.concurrent.FutureTask.run$$$capture(FutureTask.java:264) ~[na:na]
	at java.base/java.util.concurrent.FutureTask.run(FutureTask.java) ~[na:na]
	at java.base/java.util.concurrent.ScheduledThreadPoolExecutor$ScheduledFutureTask.run(ScheduledThreadPoolExecutor.java:304) ~[na:na]
	at java.base/java.util.concurrent.ThreadPoolExecutor.runWorker(ThreadPoolExecutor.java:1128) ~[na:na]
	at java.base/java.util.concurrent.ThreadPoolExecutor$Worker.run(ThreadPoolExecutor.java:628) ~[na:na]
	at java.base/java.lang.Thread.run(Thread.java:829) ~[na:na]

00:10:08:019  INFO 62588 --- [com.alibaba.nacos.client.remote.worker] com.alibaba.nacos.common.remote.client   : [e9840f8e-8d50-4784-90eb-5a15015b5595_config-0] Success to connect a server [192.168.100.128:8848], connectionId = 1763050207575_192.168.100.1_64335
00:10:08:021  INFO 62588 --- [com.alibaba.nacos.client.remote.worker] com.alibaba.nacos.common.remote.client   : [e9840f8e-8d50-4784-90eb-5a15015b5595_config-0] Notify connected event to listeners.
00:10:08:661 ERROR 62588 --- [main] o.s.boot.SpringApplication               : Application run failed

java.lang.IllegalStateException: Error processing condition on org.springframework.boot.autoconfigure.jmx.JmxAutoConfiguration.mbeanExporter
	at org.springframework.boot.autoconfigure.condition.SpringBootCondition.matches(SpringBootCondition.java:60) ~[spring-boot-autoconfigure-2.7.12.jar:2.7.12]
	at org.springframework.context.annotation.ConditionEvaluator.shouldSkip(ConditionEvaluator.java:108) ~[spring-context-5.3.27.jar:5.3.27]
	at org.springframework.context.annotation.ConfigurationClassBeanDefinitionReader.loadBeanDefinitionsForBeanMethod(ConfigurationClassBeanDefinitionReader.java:193) ~[spring-context-5.3.27.jar:5.3.27]
	at org.springframework.context.annotation.ConfigurationClassBeanDefinitionReader.loadBeanDefinitionsForConfigurationClass(ConfigurationClassBeanDefinitionReader.java:153) ~[spring-context-5.3.27.jar:5.3.27]
	at org.springframework.context.annotation.ConfigurationClassBeanDefinitionReader.loadBeanDefinitions(ConfigurationClassBeanDefinitionReader.java:129) ~[spring-context-5.3.27.jar:5.3.27]
	at org.springframework.context.annotation.ConfigurationClassPostProcessor.processConfigBeanDefinitions(ConfigurationClassPostProcessor.java:343) ~[spring-context-5.3.27.jar:5.3.27]
	at org.springframework.context.annotation.ConfigurationClassPostProcessor.postProcessBeanDefinitionRegistry(ConfigurationClassPostProcessor.java:247) ~[spring-context-5.3.27.jar:5.3.27]
	at org.springframework.context.support.PostProcessorRegistrationDelegate.invokeBeanDefinitionRegistryPostProcessors(PostProcessorRegistrationDelegate.java:311) ~[spring-context-5.3.27.jar:5.3.27]
	at org.springframework.context.support.PostProcessorRegistrationDelegate.invokeBeanFactoryPostProcessors(PostProcessorRegistrationDelegate.java:112) ~[spring-context-5.3.27.jar:5.3.27]
	at org.springframework.context.support.AbstractApplicationContext.invokeBeanFactoryPostProcessors(AbstractApplicationContext.java:748) ~[spring-context-5.3.27.jar:5.3.27]
	at org.springframework.context.support.AbstractApplicationContext.refresh(AbstractApplicationContext.java:564) ~[spring-context-5.3.27.jar:5.3.27]
	at org.springframework.boot.web.reactive.context.ReactiveWebServerApplicationContext.refresh(ReactiveWebServerApplicationContext.java:66) ~[spring-boot-2.7.12.jar:2.7.12]
	at org.springframework.boot.SpringApplication.refresh(SpringApplication.java:731) ~[spring-boot-2.7.12.jar:2.7.12]
	at org.springframework.boot.SpringApplication.refreshContext(SpringApplication.java:408) ~[spring-boot-2.7.12.jar:2.7.12]
	at org.springframework.boot.SpringApplication.run(SpringApplication.java:307) ~[spring-boot-2.7.12.jar:2.7.12]
	at org.springframework.boot.SpringApplication.run(SpringApplication.java:1303) ~[spring-boot-2.7.12.jar:2.7.12]
	at org.springframework.boot.SpringApplication.run(SpringApplication.java:1292) ~[spring-boot-2.7.12.jar:2.7.12]
	at com.hmall.gateway.GatewayApplication.main(GatewayApplication.java:9) ~[classes/:na]
Caused by: java.lang.IllegalStateException: Failed to introspect Class [com.hmall.common.config.MqConfig] from ClassLoader [jdk.internal.loader.ClassLoaders$AppClassLoader@71bc1ae4]
	at org.springframework.util.ReflectionUtils.getDeclaredMethods(ReflectionUtils.java:485) ~[spring-core-5.3.27.jar:5.3.27]
	at org.springframework.util.ReflectionUtils.doWithMethods(ReflectionUtils.java:361) ~[spring-core-5.3.27.jar:5.3.27]
	at org.springframework.util.ReflectionUtils.getUniqueDeclaredMethods(ReflectionUtils.java:418) ~[spring-core-5.3.27.jar:5.3.27]
	at org.springframework.beans.factory.support.AbstractAutowireCapableBeanFactory.lambda$getTypeForFactoryMethod$2(AbstractAutowireCapableBeanFactory.java:765) ~[spring-beans-5.3.27.jar:5.3.27]
	at java.base/java.util.concurrent.ConcurrentHashMap.computeIfAbsent(ConcurrentHashMap.java:1737) ~[na:na]
	at org.springframework.beans.factory.support.AbstractAutowireCapableBeanFactory.getTypeForFactoryMethod(AbstractAutowireCapableBeanFactory.java:764) ~[spring-beans-5.3.27.jar:5.3.27]
	at org.springframework.beans.factory.support.AbstractAutowireCapableBeanFactory.determineTargetType(AbstractAutowireCapableBeanFactory.java:703) ~[spring-beans-5.3.27.jar:5.3.27]
	at org.springframework.beans.factory.support.AbstractAutowireCapableBeanFactory.predictBeanType(AbstractAutowireCapableBeanFactory.java:674) ~[spring-beans-5.3.27.jar:5.3.27]
	at org.springframework.beans.factory.support.AbstractBeanFactory.isFactoryBean(AbstractBeanFactory.java:1684) ~[spring-beans-5.3.27.jar:5.3.27]
	at org.springframework.beans.factory.support.DefaultListableBeanFactory.doGetBeanNamesForType(DefaultListableBeanFactory.java:570) ~[spring-beans-5.3.27.jar:5.3.27]
	at org.springframework.beans.factory.support.DefaultListableBeanFactory.getBeanNamesForType(DefaultListableBeanFactory.java:542) ~[spring-beans-5.3.27.jar:5.3.27]
	at org.springframework.boot.autoconfigure.condition.OnBeanCondition.collectBeanNamesForType(OnBeanCondition.java:246) ~[spring-boot-autoconfigure-2.7.12.jar:2.7.12]
	at org.springframework.boot.autoconfigure.condition.OnBeanCondition.getBeanNamesForType(OnBeanCondition.java:239) ~[spring-boot-autoconfigure-2.7.12.jar:2.7.12]
	at org.springframework.boot.autoconfigure.condition.OnBeanCondition.getBeanNamesForType(OnBeanCondition.java:229) ~[spring-boot-autoconfigure-2.7.12.jar:2.7.12]
	at org.springframework.boot.autoconfigure.condition.OnBeanCondition.getMatchingBeans(OnBeanCondition.java:182) ~[spring-boot-autoconfigure-2.7.12.jar:2.7.12]
	at org.springframework.boot.autoconfigure.condition.OnBeanCondition.getMatchOutcome(OnBeanCondition.java:157) ~[spring-boot-autoconfigure-2.7.12.jar:2.7.12]
	at org.springframework.boot.autoconfigure.condition.SpringBootCondition.matches(SpringBootCondition.java:47) ~[spring-boot-autoconfigure-2.7.12.jar:2.7.12]
	... 17 common frames omitted
Caused by: java.lang.NoClassDefFoundError: org/springframework/amqp/support/converter/MessageConverter
	at java.base/java.lang.Class.getDeclaredMethods0(Native Method) ~[na:na]
	at java.base/java.lang.Class.privateGetDeclaredMethods(Class.java:3166) ~[na:na]
	at java.base/java.lang.Class.getDeclaredMethods(Class.java:2309) ~[na:na]
	at org.springframework.util.ReflectionUtils.getDeclaredMethods(ReflectionUtils.java:467) ~[spring-core-5.3.27.jar:5.3.27]
	... 33 common frames omitted
Caused by: java.lang.ClassNotFoundException: org.springframework.amqp.support.converter.MessageConverter
	at java.base/jdk.internal.loader.BuiltinClassLoader.loadClass(BuiltinClassLoader.java:581) ~[na:na]
	at java.base/jdk.internal.loader.ClassLoaders$AppClassLoader.loadClass(ClassLoaders.java:178) ~[na:na]
	at java.base/java.lang.ClassLoader.loadClass(ClassLoader.java:522) ~[na:na]
	... 37 common frames omitted

00:10:08:670  WARN 62588 --- [main] o.s.boot.SpringApplication               : Unable to close ApplicationContext

java.lang.IllegalStateException: Failed to introspect Class [com.hmall.common.config.MqConfig] from ClassLoader [jdk.internal.loader.ClassLoaders$AppClassLoader@71bc1ae4]
	at org.springframework.util.ReflectionUtils.getDeclaredMethods(ReflectionUtils.java:485) ~[spring-core-5.3.27.jar:5.3.27]
	at org.springframework.util.ReflectionUtils.doWithMethods(ReflectionUtils.java:361) ~[spring-core-5.3.27.jar:5.3.27]
	at org.springframework.util.ReflectionUtils.getUniqueDeclaredMethods(ReflectionUtils.java:418) ~[spring-core-5.3.27.jar:5.3.27]
	at org.springframework.beans.factory.support.AbstractAutowireCapableBeanFactory.lambda$getTypeForFactoryMethod$2(AbstractAutowireCapableBeanFactory.java:765) ~[spring-beans-5.3.27.jar:5.3.27]
	at java.base/java.util.concurrent.ConcurrentHashMap.computeIfAbsent(ConcurrentHashMap.java:1737) ~[na:na]
	at org.springframework.beans.factory.support.AbstractAutowireCapableBeanFactory.getTypeForFactoryMethod(AbstractAutowireCapableBeanFactory.java:764) ~[spring-beans-5.3.27.jar:5.3.27]
	at org.springframework.beans.factory.support.AbstractAutowireCapableBeanFactory.determineTargetType(AbstractAutowireCapableBeanFactory.java:703) ~[spring-beans-5.3.27.jar:5.3.27]
	at org.springframework.beans.factory.support.AbstractAutowireCapableBeanFactory.predictBeanType(AbstractAutowireCapableBeanFactory.java:674) ~[spring-beans-5.3.27.jar:5.3.27]
	at org.springframework.beans.factory.support.AbstractBeanFactory.isFactoryBean(AbstractBeanFactory.java:1684) ~[spring-beans-5.3.27.jar:5.3.27]
	at org.springframework.beans.factory.support.DefaultListableBeanFactory.doGetBeanNamesForType(DefaultListableBeanFactory.java:570) ~[spring-beans-5.3.27.jar:5.3.27]
	at org.springframework.beans.factory.support.DefaultListableBeanFactory.getBeanNamesForType(DefaultListableBeanFactory.java:542) ~[spring-beans-5.3.27.jar:5.3.27]
	at org.springframework.beans.factory.support.DefaultListableBeanFactory.getBeansOfType(DefaultListableBeanFactory.java:669) ~[spring-beans-5.3.27.jar:5.3.27]
	at org.springframework.beans.factory.support.DefaultListableBeanFactory.getBeansOfType(DefaultListableBeanFactory.java:661) ~[spring-beans-5.3.27.jar:5.3.27]
	at org.springframework.context.support.AbstractApplicationContext.getBeansOfType(AbstractApplicationContext.java:1302) ~[spring-context-5.3.27.jar:5.3.27]
	at org.springframework.boot.SpringApplication.getExitCodeFromMappedException(SpringApplication.java:864) ~[spring-boot-2.7.12.jar:2.7.12]
	at org.springframework.boot.SpringApplication.getExitCodeFromException(SpringApplication.java:852) ~[spring-boot-2.7.12.jar:2.7.12]
	at org.springframework.boot.SpringApplication.handleExitCode(SpringApplication.java:839) ~[spring-boot-2.7.12.jar:2.7.12]
	at org.springframework.boot.SpringApplication.handleRunFailure(SpringApplication.java:779) ~[spring-boot-2.7.12.jar:2.7.12]
	at org.springframework.boot.SpringApplication.run(SpringApplication.java:317) ~[spring-boot-2.7.12.jar:2.7.12]
	at org.springframework.boot.SpringApplication.run(SpringApplication.java:1303) ~[spring-boot-2.7.12.jar:2.7.12]
	at org.springframework.boot.SpringApplication.run(SpringApplication.java:1292) ~[spring-boot-2.7.12.jar:2.7.12]
	at com.hmall.gateway.GatewayApplication.main(GatewayApplication.java:9) ~[classes/:na]
Caused by: java.lang.NoClassDefFoundError: org/springframework/amqp/support/converter/MessageConverter
	at java.base/java.lang.Class.getDeclaredMethods0(Native Method) ~[na:na]
	at java.base/java.lang.Class.privateGetDeclaredMethods(Class.java:3166) ~[na:na]
	at java.base/java.lang.Class.getDeclaredMethods(Class.java:2309) ~[na:na]
	at org.springframework.util.ReflectionUtils.getDeclaredMethods(ReflectionUtils.java:467) ~[spring-core-5.3.27.jar:5.3.27]
	... 21 common frames omitted
Caused by: java.lang.ClassNotFoundException: org.springframework.amqp.support.converter.MessageConverter
	at java.base/jdk.internal.loader.BuiltinClassLoader.loadClass(BuiltinClassLoader.java:581) ~[na:na]
	at java.base/jdk.internal.loader.ClassLoaders$AppClassLoader.loadClass(ClassLoaders.java:178) ~[na:na]
	at java.base/java.lang.ClassLoader.loadClass(ClassLoader.java:522) ~[na:na]
	... 25 common frames omitted

00:10:08:674  WARN 62588 --- [Thread-1] c.a.n.common.http.HttpClientBeanHolder   : [HttpClientBeanHolder] Start destroying common HttpClient
00:10:08:675  WARN 62588 --- [Thread-5] c.a.nacos.common.notify.NotifyCenter     : [NotifyCenter] Start destroying Publisher
00:10:08:675  WARN 62588 --- [Thread-5] c.a.nacos.common.notify.NotifyCenter     : [NotifyCenter] Destruction of the end
00:10:08:675  WARN 62588 --- [Thread-1] c.a.n.common.http.HttpClientBeanHolder   : [HttpClientBeanHolder] Destruction of the end
00:24:04:113  INFO 106316 --- [main] com.hmall.gateway.GatewayApplication     : The following 1 profile is active: "dev"
00:24:05:166  INFO 106316 --- [main] o.s.cloud.context.scope.GenericScope     : BeanFactory id=e6f095f1-2f15-3283-9f25-0c74a6c99974
00:24:05:272  INFO 106316 --- [main] trationDelegate$BeanPostProcessorChecker : Bean 'org.springframework.cloud.client.loadbalancer.reactive.LoadBalancerBeanPostProcessorAutoConfiguration' of type [org.springframework.cloud.client.loadbalancer.reactive.LoadBalancerBeanPostProcessorAutoConfiguration] is not eligible for getting processed by all BeanPostProcessors (for example: not eligible for auto-proxying)
00:24:05:274  INFO 106316 --- [main] trationDelegate$BeanPostProcessorChecker : Bean 'org.springframework.cloud.client.loadbalancer.reactive.LoadBalancerBeanPostProcessorAutoConfiguration$ReactorDeferringLoadBalancerFilterConfig' of type [org.springframework.cloud.client.loadbalancer.reactive.LoadBalancerBeanPostProcessorAutoConfiguration$ReactorDeferringLoadBalancerFilterConfig] is not eligible for getting processed by all BeanPostProcessors (for example: not eligible for auto-proxying)
00:24:05:275  INFO 106316 --- [main] trationDelegate$BeanPostProcessorChecker : Bean 'reactorDeferringLoadBalancerExchangeFilterFunction' of type [org.springframework.cloud.client.loadbalancer.reactive.DeferringLoadBalancerExchangeFilterFunction] is not eligible for getting processed by all BeanPostProcessors (for example: not eligible for auto-proxying)
00:24:06:328  INFO 106316 --- [main] c.h.gateway.routers.DynamicRouteLoader   : 更新路由表：[
    {
        "id": "item",
        "predicates": [{
            "name": "Path",
            "args": {"_genkey_0":"/items/**", "_genkey_1":"/search/**"}
        }],
        "filters": [],
        "uri": "lb://item-service"
    },
    {
        "id": "cart",
        "predicates": [{
            "name": "Path",
            "args": {"_genkey_0":"/carts/**"}
        }],
        "filters": [],
        "uri": "lb://cart-service"
    },
    {
        "id": "user",
        "predicates": [{
            "name": "Path",
            "args": {"_genkey_0":"/users/**", "_genkey_1":"/addresses/**"}
        }],
        "filters": [],
        "uri": "lb://user-service"
    },
    {
        "id": "trade",
        "predicates": [{
            "name": "Path",
            "args": {"_genkey_0":"/orders/**"}
        }],
        "filters": [],
        "uri": "lb://trade-service"
    },
    {
        "id": "pay",
        "predicates": [{
            "name": "Path",
            "args": {"_genkey_0":"/pay-orders/**"}
        }],
        "filters": [],
        "uri": "lb://pay-service"
    }
]
00:24:19:881  INFO 106316 --- [main] o.s.c.g.r.RouteDefinitionRouteLocator    : Loaded RoutePredicateFactory [After]
00:24:19:881  INFO 106316 --- [main] o.s.c.g.r.RouteDefinitionRouteLocator    : Loaded RoutePredicateFactory [Before]
00:24:19:882  INFO 106316 --- [main] o.s.c.g.r.RouteDefinitionRouteLocator    : Loaded RoutePredicateFactory [Between]
00:24:19:882  INFO 106316 --- [main] o.s.c.g.r.RouteDefinitionRouteLocator    : Loaded RoutePredicateFactory [Cookie]
00:24:19:882  INFO 106316 --- [main] o.s.c.g.r.RouteDefinitionRouteLocator    : Loaded RoutePredicateFactory [Header]
00:24:19:882  INFO 106316 --- [main] o.s.c.g.r.RouteDefinitionRouteLocator    : Loaded RoutePredicateFactory [Host]
00:24:19:882  INFO 106316 --- [main] o.s.c.g.r.RouteDefinitionRouteLocator    : Loaded RoutePredicateFactory [Method]
00:24:19:882  INFO 106316 --- [main] o.s.c.g.r.RouteDefinitionRouteLocator    : Loaded RoutePredicateFactory [Path]
00:24:19:882  INFO 106316 --- [main] o.s.c.g.r.RouteDefinitionRouteLocator    : Loaded RoutePredicateFactory [Query]
00:24:19:882  INFO 106316 --- [main] o.s.c.g.r.RouteDefinitionRouteLocator    : Loaded RoutePredicateFactory [ReadBody]
00:24:19:882  INFO 106316 --- [main] o.s.c.g.r.RouteDefinitionRouteLocator    : Loaded RoutePredicateFactory [RemoteAddr]
00:24:19:882  INFO 106316 --- [main] o.s.c.g.r.RouteDefinitionRouteLocator    : Loaded RoutePredicateFactory [XForwardedRemoteAddr]
00:24:19:883  INFO 106316 --- [main] o.s.c.g.r.RouteDefinitionRouteLocator    : Loaded RoutePredicateFactory [Weight]
00:24:19:883  INFO 106316 --- [main] o.s.c.g.r.RouteDefinitionRouteLocator    : Loaded RoutePredicateFactory [CloudFoundryRouteService]
00:24:27:114  INFO 106316 --- [main] com.alibaba.nacos.common.remote.client   : [RpcClientFactory] create a new rpc client of 36d9febd-1441-466b-9c26-b30ae3fc18e1
00:24:27:115  INFO 106316 --- [main] com.alibaba.nacos.common.remote.client   : [36d9febd-1441-466b-9c26-b30ae3fc18e1] RpcClient init label, labels = {module=naming, source=sdk}
00:24:27:121  INFO 106316 --- [main] com.alibaba.nacos.common.remote.client   : [36d9febd-1441-466b-9c26-b30ae3fc18e1] RpcClient init, ServerListFactory = com.alibaba.nacos.client.naming.core.ServerListManager
00:24:27:123  INFO 106316 --- [main] com.alibaba.nacos.common.remote.client   : [36d9febd-1441-466b-9c26-b30ae3fc18e1] Registry connection listener to current client:com.alibaba.nacos.client.naming.remote.gprc.redo.NamingGrpcRedoService
00:24:27:125  INFO 106316 --- [main] com.alibaba.nacos.common.remote.client   : [36d9febd-1441-466b-9c26-b30ae3fc18e1] Register server push request handler:com.alibaba.nacos.client.naming.remote.gprc.NamingPushRequestHandler
00:24:27:127  INFO 106316 --- [main] com.alibaba.nacos.common.remote.client   : [36d9febd-1441-466b-9c26-b30ae3fc18e1] Try to connect to server on start up, server: {serverIp = '192.168.100.128', server main port = 8848}
00:24:27:280  INFO 106316 --- [main] com.alibaba.nacos.common.remote.client   : [36d9febd-1441-466b-9c26-b30ae3fc18e1] Success to connect to server [192.168.100.128:8848] on start up, connectionId = 1763051067131_192.168.100.1_54798
00:24:27:280  INFO 106316 --- [main] com.alibaba.nacos.common.remote.client   : [36d9febd-1441-466b-9c26-b30ae3fc18e1] Register server push request handler:com.alibaba.nacos.common.remote.client.RpcClient$ConnectResetRequestHandler
00:24:27:280  INFO 106316 --- [com.alibaba.nacos.client.remote.worker] com.alibaba.nacos.common.remote.client   : [36d9febd-1441-466b-9c26-b30ae3fc18e1] Notify connected event to listeners.
00:24:27:282  INFO 106316 --- [main] com.alibaba.nacos.common.remote.client   : [36d9febd-1441-466b-9c26-b30ae3fc18e1] Register server push request handler:com.alibaba.nacos.common.remote.client.RpcClient$$Lambda$466/0x0000000800443440
00:24:27:898  INFO 106316 --- [nacos-grpc-client-executor-5] com.alibaba.nacos.common.remote.client   : [36d9febd-1441-466b-9c26-b30ae3fc18e1] Receive server push request, request = NotifySubscriberRequest, requestId = 228
00:24:27:904  INFO 106316 --- [nacos-grpc-client-executor-5] com.alibaba.nacos.common.remote.client   : [36d9febd-1441-466b-9c26-b30ae3fc18e1] Ack server push request, request = NotifySubscriberRequest, requestId = 228
00:24:31:507  INFO 106316 --- [main] o.s.b.web.embedded.netty.NettyWebServer  : Netty started on port 8080
00:24:42:761  INFO 106316 --- [main] c.a.c.n.registry.NacosServiceRegistry    : nacos registry, DEFAULT_GROUP gateway 192.168.125.1:8080 register finished
00:24:42:801  INFO 106316 --- [main] com.hmall.gateway.GatewayApplication     : Started GatewayApplication in 69.188 seconds (JVM running for 77.173)
00:24:42:809  INFO 106316 --- [main] c.a.c.n.refresh.NacosContextRefresher    : [Nacos Config] Listening config: dataId=gateway.yaml, group=DEFAULT_GROUP
00:24:42:810  INFO 106316 --- [main] c.a.c.n.refresh.NacosContextRefresher    : [Nacos Config] Listening config: dataId=gateway-dev.yaml, group=DEFAULT_GROUP
00:24:42:812  INFO 106316 --- [main] c.a.c.n.refresh.NacosContextRefresher    : [Nacos Config] Listening config: dataId=gateway, group=DEFAULT_GROUP
00:24:43:362  INFO 106316 --- [nacos-grpc-client-executor-12] com.alibaba.nacos.common.remote.client   : [36d9febd-1441-466b-9c26-b30ae3fc18e1] Receive server push request, request = NotifySubscriberRequest, requestId = 230
00:24:43:373  INFO 106316 --- [nacos-grpc-client-executor-12] com.alibaba.nacos.common.remote.client   : [36d9febd-1441-466b-9c26-b30ae3fc18e1] Ack server push request, request = NotifySubscriberRequest, requestId = 230
00:28:19:787  WARN 106316 --- [boundedElastic-1] o.s.c.l.core.RoundRobinLoadBalancer      : No servers available for service: user-service
00:28:20:328  INFO 106316 --- [nacos-grpc-client-executor-57] com.alibaba.nacos.common.remote.client   : [36d9febd-1441-466b-9c26-b30ae3fc18e1] Receive server push request, request = NotifySubscriberRequest, requestId = 231
00:28:20:329  INFO 106316 --- [nacos-grpc-client-executor-57] com.alibaba.nacos.common.remote.client   : [36d9febd-1441-466b-9c26-b30ae3fc18e1] Ack server push request, request = NotifySubscriberRequest, requestId = 231
00:28:20:833  WARN 106316 --- [boundedElastic-1] o.s.c.l.core.RoundRobinLoadBalancer      : No servers available for service: user-service
00:30:45:394  INFO 106316 --- [nacos-grpc-client-executor-89] com.alibaba.nacos.common.remote.client   : [36d9febd-1441-466b-9c26-b30ae3fc18e1] Receive server push request, request = NotifySubscriberRequest, requestId = 234
00:30:45:445  INFO 106316 --- [nacos-grpc-client-executor-89] com.alibaba.nacos.common.remote.client   : [36d9febd-1441-466b-9c26-b30ae3fc18e1] Ack server push request, request = NotifySubscriberRequest, requestId = 234
00:33:56:755  INFO 106316 --- [nacos-grpc-client-executor-131] com.alibaba.nacos.common.remote.client   : [36d9febd-1441-466b-9c26-b30ae3fc18e1] Receive server push request, request = NotifySubscriberRequest, requestId = 235
00:33:56:774  INFO 106316 --- [nacos-grpc-client-executor-131] com.alibaba.nacos.common.remote.client   : [36d9febd-1441-466b-9c26-b30ae3fc18e1] Ack server push request, request = NotifySubscriberRequest, requestId = 235
00:34:11:223  INFO 106316 --- [nacos-grpc-client-executor-136] com.alibaba.nacos.common.remote.client   : [36d9febd-1441-466b-9c26-b30ae3fc18e1] Receive server push request, request = NotifySubscriberRequest, requestId = 237
00:34:11:224  INFO 106316 --- [nacos-grpc-client-executor-136] com.alibaba.nacos.common.remote.client   : [36d9febd-1441-466b-9c26-b30ae3fc18e1] Ack server push request, request = NotifySubscriberRequest, requestId = 237
00:34:20:237  INFO 106316 --- [nacos-grpc-client-executor-140] com.alibaba.nacos.common.remote.client   : [36d9febd-1441-466b-9c26-b30ae3fc18e1] Receive server push request, request = NotifySubscriberRequest, requestId = 240
00:34:20:238  INFO 106316 --- [nacos-grpc-client-executor-140] com.alibaba.nacos.common.remote.client   : [36d9febd-1441-466b-9c26-b30ae3fc18e1] Ack server push request, request = NotifySubscriberRequest, requestId = 240
08:09:52:054  INFO 106316 --- [com.alibaba.nacos.client.remote.worker] com.alibaba.nacos.common.remote.client   : [36d9febd-1441-466b-9c26-b30ae3fc18e1] Server healthy check fail, currentConnection = 1763051067131_192.168.100.1_54798
08:09:52:273  INFO 106316 --- [com.alibaba.nacos.client.remote.worker] com.alibaba.nacos.common.remote.client   : [36d9febd-1441-466b-9c26-b30ae3fc18e1] Try to reconnect to a new server, server is  not appointed, will choose a random server.
08:09:53:550  INFO 106316 --- [com.alibaba.nacos.client.remote.worker] com.alibaba.nacos.common.remote.client   : [14b2f55d-bef4-4df2-ae55-68403b33347b_config-0] Server healthy check fail, currentConnection = 1763051043631_192.168.100.1_60481
08:09:53:551  INFO 106316 --- [com.alibaba.nacos.client.remote.worker] com.alibaba.nacos.common.remote.client   : [14b2f55d-bef4-4df2-ae55-68403b33347b_config-0] Try to reconnect to a new server, server is  not appointed, will choose a random server.
08:09:54:473  INFO 106316 --- [com.alibaba.nacos.client.remote.worker] com.alibaba.nacos.common.remote.client   : [14b2f55d-bef4-4df2-ae55-68403b33347b_config-0] Success to connect a server [192.168.100.128:8848], connectionId = 1763078994325_192.168.100.1_54716
08:09:54:473  INFO 106316 --- [com.alibaba.nacos.client.remote.worker] com.alibaba.nacos.common.remote.client   : [14b2f55d-bef4-4df2-ae55-68403b33347b_config-0] Abandon prev connection, server is 192.168.100.128:8848, connectionId is 1763051043631_192.168.100.1_60481
08:09:54:474  INFO 106316 --- [com.alibaba.nacos.client.remote.worker] com.alibaba.nacos.common.remote.client   : Close current connection 1763051043631_192.168.100.1_60481
08:09:54:479  INFO 106316 --- [nacos-grpc-client-executor-5690] c.a.n.c.remote.client.grpc.GrpcClient    : [1763051043631_192.168.100.1_60481]Ignore complete event,isRunning:false,isAbandon=true
08:09:54:483  INFO 106316 --- [com.alibaba.nacos.client.remote.worker] com.alibaba.nacos.common.remote.client   : [14b2f55d-bef4-4df2-ae55-68403b33347b_config-0] Notify disconnected event to listeners
08:09:54:503  INFO 106316 --- [com.alibaba.nacos.client.remote.worker] com.alibaba.nacos.common.remote.client   : [36d9febd-1441-466b-9c26-b30ae3fc18e1] Success to connect a server [192.168.100.128:8848], connectionId = 1763078994329_192.168.100.1_54712
08:09:54:503  INFO 106316 --- [com.alibaba.nacos.client.remote.worker] com.alibaba.nacos.common.remote.client   : [36d9febd-1441-466b-9c26-b30ae3fc18e1] Abandon prev connection, server is 192.168.100.128:8848, connectionId is 1763051067131_192.168.100.1_54798
08:09:54:503  INFO 106316 --- [com.alibaba.nacos.client.remote.worker] com.alibaba.nacos.common.remote.client   : Close current connection 1763051067131_192.168.100.1_54798
08:09:54:505  INFO 106316 --- [com.alibaba.nacos.client.remote.worker] com.alibaba.nacos.common.remote.client   : [36d9febd-1441-466b-9c26-b30ae3fc18e1] Notify disconnected event to listeners
08:09:54:506  INFO 106316 --- [com.alibaba.nacos.client.remote.worker] com.alibaba.nacos.common.remote.client   : [14b2f55d-bef4-4df2-ae55-68403b33347b_config-0] Notify connected event to listeners.
08:09:54:577  INFO 106316 --- [com.alibaba.nacos.client.remote.worker] com.alibaba.nacos.common.remote.client   : [36d9febd-1441-466b-9c26-b30ae3fc18e1] Notify connected event to listeners.
08:09:54:605  WARN 106316 --- [nacos-grpc-client-executor-6277] c.a.n.c.remote.client.grpc.GrpcClient    : [1763051067131_192.168.100.1_54798]Ignore error event,isRunning:true,isAbandon=true
08:09:55:978  INFO 106316 --- [nacos-grpc-client-executor-6284] com.alibaba.nacos.common.remote.client   : [36d9febd-1441-466b-9c26-b30ae3fc18e1] Receive server push request, request = NotifySubscriberRequest, requestId = 244
08:09:55:979  INFO 106316 --- [nacos-grpc-client-executor-6284] com.alibaba.nacos.common.remote.client   : [36d9febd-1441-466b-9c26-b30ae3fc18e1] Ack server push request, request = NotifySubscriberRequest, requestId = 244
08:09:55:987  INFO 106316 --- [nacos-grpc-client-executor-6285] com.alibaba.nacos.common.remote.client   : [36d9febd-1441-466b-9c26-b30ae3fc18e1] Receive server push request, request = NotifySubscriberRequest, requestId = 245
08:09:55:987  INFO 106316 --- [nacos-grpc-client-executor-6285] com.alibaba.nacos.common.remote.client   : [36d9febd-1441-466b-9c26-b30ae3fc18e1] Ack server push request, request = NotifySubscriberRequest, requestId = 245
08:09:56:487  INFO 106316 --- [nacos-grpc-client-executor-6286] com.alibaba.nacos.common.remote.client   : [36d9febd-1441-466b-9c26-b30ae3fc18e1] Receive server push request, request = NotifySubscriberRequest, requestId = 247
08:09:56:487  INFO 106316 --- [nacos-grpc-client-executor-6286] com.alibaba.nacos.common.remote.client   : [36d9febd-1441-466b-9c26-b30ae3fc18e1] Ack server push request, request = NotifySubscriberRequest, requestId = 247
08:09:56:493  INFO 106316 --- [nacos-grpc-client-executor-6287] com.alibaba.nacos.common.remote.client   : [36d9febd-1441-466b-9c26-b30ae3fc18e1] Receive server push request, request = NotifySubscriberRequest, requestId = 248
08:09:56:589  INFO 106316 --- [nacos-grpc-client-executor-6287] com.alibaba.nacos.common.remote.client   : [36d9febd-1441-466b-9c26-b30ae3fc18e1] Ack server push request, request = NotifySubscriberRequest, requestId = 248
08:09:56:635  INFO 106316 --- [nacos-grpc-client-executor-6288] com.alibaba.nacos.common.remote.client   : [36d9febd-1441-466b-9c26-b30ae3fc18e1] Receive server push request, request = NotifySubscriberRequest, requestId = 249
08:09:56:637  INFO 106316 --- [nacos-grpc-client-executor-6288] com.alibaba.nacos.common.remote.client   : [36d9febd-1441-466b-9c26-b30ae3fc18e1] Ack server push request, request = NotifySubscriberRequest, requestId = 249
08:09:58:165  INFO 106316 --- [nacos-grpc-client-executor-6289] com.alibaba.nacos.common.remote.client   : [36d9febd-1441-466b-9c26-b30ae3fc18e1] Receive server push request, request = NotifySubscriberRequest, requestId = 252
08:09:58:168  INFO 106316 --- [nacos-grpc-client-executor-6289] com.alibaba.nacos.common.remote.client   : [36d9febd-1441-466b-9c26-b30ae3fc18e1] Ack server push request, request = NotifySubscriberRequest, requestId = 252
11:17:08:741  INFO 106316 --- [com.alibaba.nacos.client.remote.worker] com.alibaba.nacos.common.remote.client   : [14b2f55d-bef4-4df2-ae55-68403b33347b_config-0] Server healthy check fail, currentConnection = 1763078994325_192.168.100.1_54716
11:17:08:789  INFO 106316 --- [com.alibaba.nacos.client.remote.worker] com.alibaba.nacos.common.remote.client   : [14b2f55d-bef4-4df2-ae55-68403b33347b_config-0] Try to reconnect to a new server, server is  not appointed, will choose a random server.
11:17:09:943 ERROR 106316 --- [com.alibaba.nacos.client.naming.updater.5] com.alibaba.nacos.common.remote.client   : Send request fail, request = ServiceQueryRequest{headers={}, requestId='null'}, retryTimes = 0, errorMessage = java.util.concurrent.TimeoutException: Waited 3000 milliseconds (plus 686800 nanoseconds delay) for com.alibaba.nacos.shaded.io.grpc.stub.ClientCalls$GrpcFuture@2f505d93[status=PENDING, info=[GrpcFuture{clientCall={delegate={delegate=ClientCallImpl{method=MethodDescriptor{fullMethodName=Request/request, type=UNARY, idempotent=false, safe=false, sampledToLocalTracing=true, requestMarshaller=com.alibaba.nacos.shaded.io.grpc.protobuf.lite.ProtoLiteUtils$MessageMarshaller@4b31a708, responseMarshaller=com.alibaba.nacos.shaded.io.grpc.protobuf.lite.ProtoLiteUtils$MessageMarshaller@11e355ca, schemaDescriptor=com.alibaba.nacos.api.grpc.auto.RequestGrpc$RequestMethodDescriptorSupplier@70d63e05}}}}}]]
11:17:10:204  INFO 106316 --- [com.alibaba.nacos.client.remote.worker] com.alibaba.nacos.common.remote.client   : [36d9febd-1441-466b-9c26-b30ae3fc18e1] Server healthy check fail, currentConnection = 1763078994329_192.168.100.1_54712
11:17:10:211  INFO 106316 --- [com.alibaba.nacos.client.remote.worker] com.alibaba.nacos.common.remote.client   : [36d9febd-1441-466b-9c26-b30ae3fc18e1] Try to reconnect to a new server, server is  not appointed, will choose a random server.
11:17:11:077 ERROR 106316 --- [com.alibaba.nacos.client.naming.updater.7] com.alibaba.nacos.common.remote.client   : Send request fail, request = ServiceQueryRequest{headers={}, requestId='null'}, retryTimes = 0, errorMessage = java.util.concurrent.TimeoutException: Waited 3000 milliseconds (plus 220 milliseconds, 681600 nanoseconds delay) for com.alibaba.nacos.shaded.io.grpc.stub.ClientCalls$GrpcFuture@47d39722[status=PENDING, info=[GrpcFuture{clientCall={delegate={delegate=ClientCallImpl{method=MethodDescriptor{fullMethodName=Request/request, type=UNARY, idempotent=false, safe=false, sampledToLocalTracing=true, requestMarshaller=com.alibaba.nacos.shaded.io.grpc.protobuf.lite.ProtoLiteUtils$MessageMarshaller@4b31a708, responseMarshaller=com.alibaba.nacos.shaded.io.grpc.protobuf.lite.ProtoLiteUtils$MessageMarshaller@11e355ca, schemaDescriptor=com.alibaba.nacos.api.grpc.auto.RequestGrpc$RequestMethodDescriptorSupplier@70d63e05}}}}}]]
11:17:12:063 ERROR 106316 --- [com.alibaba.nacos.client.remote.worker] c.a.n.c.remote.client.grpc.GrpcClient    : Server check fail, please check server 192.168.100.128 ,port 9848 is available , error ={}

java.util.concurrent.TimeoutException: Waited 3000 milliseconds (plus 1 milliseconds, 354000 nanoseconds delay) for com.alibaba.nacos.shaded.io.grpc.stub.ClientCalls$GrpcFuture@2c1b5768[status=PENDING, info=[GrpcFuture{clientCall={delegate={delegate=ClientCallImpl{method=MethodDescriptor{fullMethodName=Request/request, type=UNARY, idempotent=false, safe=false, sampledToLocalTracing=true, requestMarshaller=com.alibaba.nacos.shaded.io.grpc.protobuf.lite.ProtoLiteUtils$MessageMarshaller@4b31a708, responseMarshaller=com.alibaba.nacos.shaded.io.grpc.protobuf.lite.ProtoLiteUtils$MessageMarshaller@11e355ca, schemaDescriptor=com.alibaba.nacos.api.grpc.auto.RequestGrpc$RequestMethodDescriptorSupplier@70d63e05}}}}}]]
	at com.alibaba.nacos.shaded.com.google.common.util.concurrent.AbstractFuture.get(AbstractFuture.java:508) ~[nacos-client-2.0.4.jar:na]
	at com.alibaba.nacos.common.remote.client.grpc.GrpcClient.serverCheck(GrpcClient.java:148) ~[nacos-client-2.0.4.jar:na]
	at com.alibaba.nacos.common.remote.client.grpc.GrpcClient.connectToServer(GrpcClient.java:264) ~[nacos-client-2.0.4.jar:na]
	at com.alibaba.nacos.common.remote.client.RpcClient.reconnect(RpcClient.java:522) ~[nacos-client-2.0.4.jar:na]
	at com.alibaba.nacos.common.remote.client.RpcClient.lambda$start$2(RpcClient.java:370) ~[nacos-client-2.0.4.jar:na]
	at java.base/java.util.concurrent.Executors$RunnableAdapter.call(Executors.java:515) ~[na:na]
	at java.base/java.util.concurrent.FutureTask.run$$$capture(FutureTask.java:264) ~[na:na]
	at java.base/java.util.concurrent.FutureTask.run(FutureTask.java) ~[na:na]
	at java.base/java.util.concurrent.ScheduledThreadPoolExecutor$ScheduledFutureTask.run(ScheduledThreadPoolExecutor.java:304) ~[na:na]
	at java.base/java.util.concurrent.ThreadPoolExecutor.runWorker(ThreadPoolExecutor.java:1128) ~[na:na]
	at java.base/java.util.concurrent.ThreadPoolExecutor$Worker.run(ThreadPoolExecutor.java:628) ~[na:na]
	at java.base/java.lang.Thread.run(Thread.java:829) ~[na:na]

11:17:12:294 ERROR 106316 --- [com.alibaba.nacos.client.naming.updater.5] com.alibaba.nacos.common.remote.client   : Send request fail, request = ServiceQueryRequest{headers={app=unknown}, requestId='null'}, retryTimes = 0, errorMessage = Client not connected, current status:UNHEALTHY
11:17:12:396 ERROR 106316 --- [com.alibaba.nacos.client.naming.updater.5] com.alibaba.nacos.common.remote.client   : Send request fail, request = ServiceQueryRequest{headers={app=unknown}, requestId='null'}, retryTimes = 1, errorMessage = Client not connected, current status:UNHEALTHY
11:17:12:498 ERROR 106316 --- [com.alibaba.nacos.client.naming.updater.5] com.alibaba.nacos.common.remote.client   : Send request fail, request = ServiceQueryRequest{headers={app=unknown}, requestId='null'}, retryTimes = 2, errorMessage = Client not connected, current status:UNHEALTHY
11:17:12:610  INFO 106316 --- [com.alibaba.nacos.client.remote.worker] com.alibaba.nacos.common.remote.client   : [14b2f55d-bef4-4df2-ae55-68403b33347b_config-0] Success to connect a server [192.168.100.128:8848], connectionId = 1763090232312_192.168.100.1_62382
11:17:12:612  INFO 106316 --- [com.alibaba.nacos.client.remote.worker] com.alibaba.nacos.common.remote.client   : [36d9febd-1441-466b-9c26-b30ae3fc18e1] Success to connect a server [192.168.100.128:8848], connectionId = 1763090232313_192.168.100.1_62363
11:17:12:613  INFO 106316 --- [com.alibaba.nacos.client.remote.worker] com.alibaba.nacos.common.remote.client   : [36d9febd-1441-466b-9c26-b30ae3fc18e1] Abandon prev connection, server is 192.168.100.128:8848, connectionId is 1763078994329_192.168.100.1_54712
11:17:12:614  INFO 106316 --- [com.alibaba.nacos.client.remote.worker] com.alibaba.nacos.common.remote.client   : Close current connection 1763078994329_192.168.100.1_54712
11:17:12:620  INFO 106316 --- [com.alibaba.nacos.client.remote.worker] com.alibaba.nacos.common.remote.client   : [36d9febd-1441-466b-9c26-b30ae3fc18e1] Notify disconnected event to listeners
11:17:12:611  INFO 106316 --- [com.alibaba.nacos.client.remote.worker] com.alibaba.nacos.common.remote.client   : [14b2f55d-bef4-4df2-ae55-68403b33347b_config-0] Abandon prev connection, server is 192.168.100.128:8848, connectionId is 1763078994325_192.168.100.1_54716
11:17:12:622  INFO 106316 --- [com.alibaba.nacos.client.remote.worker] com.alibaba.nacos.common.remote.client   : Close current connection 1763078994325_192.168.100.1_54716
11:17:12:631  INFO 106316 --- [com.alibaba.nacos.client.remote.worker] com.alibaba.nacos.common.remote.client   : [36d9febd-1441-466b-9c26-b30ae3fc18e1] Notify connected event to listeners.
11:17:12:631  INFO 106316 --- [com.alibaba.nacos.client.remote.worker] com.alibaba.nacos.common.remote.client   : [14b2f55d-bef4-4df2-ae55-68403b33347b_config-0] Notify disconnected event to listeners
11:17:12:640  WARN 106316 --- [nacos-grpc-client-executor-7962] c.a.n.c.remote.client.grpc.GrpcClient    : [1763078994325_192.168.100.1_54716]Ignore error event,isRunning:true,isAbandon=true
11:17:12:641  INFO 106316 --- [com.alibaba.nacos.client.remote.worker] com.alibaba.nacos.common.remote.client   : [36d9febd-1441-466b-9c26-b30ae3fc18e1] Server check success, currentServer is 192.168.100.128:8848 
11:17:12:644  WARN 106316 --- [nacos-grpc-client-executor-8794] c.a.n.c.remote.client.grpc.GrpcClient    : [1763078994329_192.168.100.1_54712]Ignore error event,isRunning:true,isAbandon=true
11:17:12:658  INFO 106316 --- [com.alibaba.nacos.client.remote.worker] com.alibaba.nacos.common.remote.client   : [14b2f55d-bef4-4df2-ae55-68403b33347b_config-0] Notify connected event to listeners.
11:17:14:442  INFO 106316 --- [nacos-grpc-client-executor-8802] com.alibaba.nacos.common.remote.client   : [36d9febd-1441-466b-9c26-b30ae3fc18e1] Receive server push request, request = NotifySubscriberRequest, requestId = 256
11:17:14:833  INFO 106316 --- [nacos-grpc-client-executor-8802] com.alibaba.nacos.common.remote.client   : [36d9febd-1441-466b-9c26-b30ae3fc18e1] Ack server push request, request = NotifySubscriberRequest, requestId = 256
11:17:14:893  INFO 106316 --- [nacos-grpc-client-executor-8804] com.alibaba.nacos.common.remote.client   : [36d9febd-1441-466b-9c26-b30ae3fc18e1] Receive server push request, request = NotifySubscriberRequest, requestId = 257
11:17:14:895  INFO 106316 --- [nacos-grpc-client-executor-8804] com.alibaba.nacos.common.remote.client   : [36d9febd-1441-466b-9c26-b30ae3fc18e1] Ack server push request, request = NotifySubscriberRequest, requestId = 257
11:17:15:208  INFO 106316 --- [nacos-grpc-client-executor-8805] com.alibaba.nacos.common.remote.client   : [36d9febd-1441-466b-9c26-b30ae3fc18e1] Receive server push request, request = NotifySubscriberRequest, requestId = 258
11:17:15:223  INFO 106316 --- [nacos-grpc-client-executor-8805] com.alibaba.nacos.common.remote.client   : [36d9febd-1441-466b-9c26-b30ae3fc18e1] Ack server push request, request = NotifySubscriberRequest, requestId = 258
11:17:15:415  INFO 106316 --- [nacos-grpc-client-executor-8806] com.alibaba.nacos.common.remote.client   : [36d9febd-1441-466b-9c26-b30ae3fc18e1] Receive server push request, request = NotifySubscriberRequest, requestId = 259
11:17:15:461  INFO 106316 --- [nacos-grpc-client-executor-8806] com.alibaba.nacos.common.remote.client   : [36d9febd-1441-466b-9c26-b30ae3fc18e1] Ack server push request, request = NotifySubscriberRequest, requestId = 259
11:17:15:653  INFO 106316 --- [nacos-grpc-client-executor-8807] com.alibaba.nacos.common.remote.client   : [36d9febd-1441-466b-9c26-b30ae3fc18e1] Receive server push request, request = NotifySubscriberRequest, requestId = 260
11:17:15:680  INFO 106316 --- [nacos-grpc-client-executor-8807] com.alibaba.nacos.common.remote.client   : [36d9febd-1441-466b-9c26-b30ae3fc18e1] Ack server push request, request = NotifySubscriberRequest, requestId = 260
11:17:15:780  INFO 106316 --- [nacos-grpc-client-executor-8808] com.alibaba.nacos.common.remote.client   : [36d9febd-1441-466b-9c26-b30ae3fc18e1] Receive server push request, request = NotifySubscriberRequest, requestId = 262
11:17:15:837  INFO 106316 --- [nacos-grpc-client-executor-8808] com.alibaba.nacos.common.remote.client   : [36d9febd-1441-466b-9c26-b30ae3fc18e1] Ack server push request, request = NotifySubscriberRequest, requestId = 262
11:17:16:157  INFO 106316 --- [nacos-grpc-client-executor-8809] com.alibaba.nacos.common.remote.client   : [36d9febd-1441-466b-9c26-b30ae3fc18e1] Receive server push request, request = NotifySubscriberRequest, requestId = 266
11:17:16:173  INFO 106316 --- [nacos-grpc-client-executor-8809] com.alibaba.nacos.common.remote.client   : [36d9febd-1441-466b-9c26-b30ae3fc18e1] Ack server push request, request = NotifySubscriberRequest, requestId = 266
11:17:16:323  INFO 106316 --- [nacos-grpc-client-executor-8810] com.alibaba.nacos.common.remote.client   : [36d9febd-1441-466b-9c26-b30ae3fc18e1] Receive server push request, request = NotifySubscriberRequest, requestId = 268
11:17:16:344  INFO 106316 --- [nacos-grpc-client-executor-8810] com.alibaba.nacos.common.remote.client   : [36d9febd-1441-466b-9c26-b30ae3fc18e1] Ack server push request, request = NotifySubscriberRequest, requestId = 268
11:17:17:960  INFO 106316 --- [nacos-grpc-client-executor-8811] com.alibaba.nacos.common.remote.client   : [36d9febd-1441-466b-9c26-b30ae3fc18e1] Receive server push request, request = NotifySubscriberRequest, requestId = 272
11:17:17:975  INFO 106316 --- [nacos-grpc-client-executor-8811] com.alibaba.nacos.common.remote.client   : [36d9febd-1441-466b-9c26-b30ae3fc18e1] Ack server push request, request = NotifySubscriberRequest, requestId = 272
15:17:18:430  INFO 106316 --- [nacos-grpc-client-executor-11929] com.alibaba.nacos.common.remote.client   : [36d9febd-1441-466b-9c26-b30ae3fc18e1] Receive server push request, request = NotifySubscriberRequest, requestId = 274
15:17:18:490  INFO 106316 --- [nacos-grpc-client-executor-11929] com.alibaba.nacos.common.remote.client   : [36d9febd-1441-466b-9c26-b30ae3fc18e1] Ack server push request, request = NotifySubscriberRequest, requestId = 274
15:17:20:280  INFO 106316 --- [nacos-grpc-client-executor-11930] com.alibaba.nacos.common.remote.client   : [36d9febd-1441-466b-9c26-b30ae3fc18e1] Receive server push request, request = NotifySubscriberRequest, requestId = 276
15:17:20:281  INFO 106316 --- [nacos-grpc-client-executor-11930] com.alibaba.nacos.common.remote.client   : [36d9febd-1441-466b-9c26-b30ae3fc18e1] Ack server push request, request = NotifySubscriberRequest, requestId = 276
23:25:02:795  INFO 106316 --- [com.alibaba.nacos.client.remote.worker] com.alibaba.nacos.common.remote.client   : [14b2f55d-bef4-4df2-ae55-68403b33347b_config-0] Server healthy check fail, currentConnection = 1763090232312_192.168.100.1_62382
23:25:02:824  INFO 106316 --- [com.alibaba.nacos.client.remote.worker] com.alibaba.nacos.common.remote.client   : [14b2f55d-bef4-4df2-ae55-68403b33347b_config-0] Try to reconnect to a new server, server is  not appointed, will choose a random server.
23:25:03:831  INFO 106316 --- [com.alibaba.nacos.client.remote.worker] com.alibaba.nacos.common.remote.client   : [14b2f55d-bef4-4df2-ae55-68403b33347b_config-0] Success to connect a server [192.168.100.128:8848], connectionId = 1763133903694_192.168.100.1_63362
23:25:03:831  INFO 106316 --- [com.alibaba.nacos.client.remote.worker] com.alibaba.nacos.common.remote.client   : [14b2f55d-bef4-4df2-ae55-68403b33347b_config-0] Abandon prev connection, server is 192.168.100.128:8848, connectionId is 1763090232312_192.168.100.1_62382
23:25:03:831  INFO 106316 --- [com.alibaba.nacos.client.remote.worker] com.alibaba.nacos.common.remote.client   : Close current connection 1763090232312_192.168.100.1_62382
23:25:03:834  INFO 106316 --- [com.alibaba.nacos.client.remote.worker] com.alibaba.nacos.common.remote.client   : [14b2f55d-bef4-4df2-ae55-68403b33347b_config-0] Notify disconnected event to listeners
23:25:03:838  WARN 106316 --- [nacos-grpc-client-executor-16677] c.a.n.c.remote.client.grpc.GrpcClient    : [1763090232312_192.168.100.1_62382]Ignore error event,isRunning:true,isAbandon=true
23:25:03:844  INFO 106316 --- [com.alibaba.nacos.client.remote.worker] com.alibaba.nacos.common.remote.client   : [14b2f55d-bef4-4df2-ae55-68403b33347b_config-0] Notify connected event to listeners.
23:25:04:515  INFO 106316 --- [nacos-grpc-client-executor-18205] com.alibaba.nacos.common.remote.client   : [36d9febd-1441-466b-9c26-b30ae3fc18e1] Receive server push request, request = NotifySubscriberRequest, requestId = 279
23:25:04:533  INFO 106316 --- [nacos-grpc-client-executor-18205] com.alibaba.nacos.common.remote.client   : [36d9febd-1441-466b-9c26-b30ae3fc18e1] Ack server push request, request = NotifySubscriberRequest, requestId = 279
23:25:04:539  INFO 106316 --- [nacos-grpc-client-executor-18206] com.alibaba.nacos.common.remote.client   : [36d9febd-1441-466b-9c26-b30ae3fc18e1] Receive server push request, request = NotifySubscriberRequest, requestId = 280
23:25:04:542  INFO 106316 --- [nacos-grpc-client-executor-18206] com.alibaba.nacos.common.remote.client   : [36d9febd-1441-466b-9c26-b30ae3fc18e1] Ack server push request, request = NotifySubscriberRequest, requestId = 280
23:25:04:546  INFO 106316 --- [nacos-grpc-client-executor-18207] com.alibaba.nacos.common.remote.client   : [36d9febd-1441-466b-9c26-b30ae3fc18e1] Receive server push request, request = NotifySubscriberRequest, requestId = 281
23:25:04:548  INFO 106316 --- [nacos-grpc-client-executor-18207] com.alibaba.nacos.common.remote.client   : [36d9febd-1441-466b-9c26-b30ae3fc18e1] Ack server push request, request = NotifySubscriberRequest, requestId = 281
23:25:05:512  INFO 106316 --- [nacos-grpc-client-executor-18208] com.alibaba.nacos.common.remote.client   : [36d9febd-1441-466b-9c26-b30ae3fc18e1] Receive server push request, request = NotifySubscriberRequest, requestId = 282
23:25:05:515  INFO 106316 --- [nacos-grpc-client-executor-18208] com.alibaba.nacos.common.remote.client   : [36d9febd-1441-466b-9c26-b30ae3fc18e1] Ack server push request, request = NotifySubscriberRequest, requestId = 282
23:25:05:521  INFO 106316 --- [nacos-grpc-client-executor-18209] com.alibaba.nacos.common.remote.client   : [36d9febd-1441-466b-9c26-b30ae3fc18e1] Receive server push request, request = NotifySubscriberRequest, requestId = 285
23:25:05:524  INFO 106316 --- [nacos-grpc-client-executor-18209] com.alibaba.nacos.common.remote.client   : [36d9febd-1441-466b-9c26-b30ae3fc18e1] Ack server push request, request = NotifySubscriberRequest, requestId = 285
23:25:06:001  INFO 106316 --- [nacos-grpc-client-executor-18210] com.alibaba.nacos.common.remote.client   : [36d9febd-1441-466b-9c26-b30ae3fc18e1] Receive server push request, request = NotifySubscriberRequest, requestId = 287
23:25:06:003  INFO 106316 --- [nacos-grpc-client-executor-18210] com.alibaba.nacos.common.remote.client   : [36d9febd-1441-466b-9c26-b30ae3fc18e1] Ack server push request, request = NotifySubscriberRequest, requestId = 287
23:25:07:029  INFO 106316 --- [nacos-grpc-client-executor-18211] com.alibaba.nacos.common.remote.client   : [36d9febd-1441-466b-9c26-b30ae3fc18e1] Receive server push request, request = NotifySubscriberRequest, requestId = 293
23:25:07:032  INFO 106316 --- [nacos-grpc-client-executor-18211] com.alibaba.nacos.common.remote.client   : [36d9febd-1441-466b-9c26-b30ae3fc18e1] Ack server push request, request = NotifySubscriberRequest, requestId = 293
23:25:07:036  INFO 106316 --- [nacos-grpc-client-executor-18212] com.alibaba.nacos.common.remote.client   : [36d9febd-1441-466b-9c26-b30ae3fc18e1] Receive server push request, request = NotifySubscriberRequest, requestId = 296
23:25:07:039  INFO 106316 --- [nacos-grpc-client-executor-18212] com.alibaba.nacos.common.remote.client   : [36d9febd-1441-466b-9c26-b30ae3fc18e1] Ack server push request, request = NotifySubscriberRequest, requestId = 296
