00:29:06:111  INFO 99040 --- [main] com.hmall.user.UserApplication           : Starting UserApplication using Java 11.0.16 on LAPTOP-6LFO0TPN with PID 99040 (E:\MyCode\JavaProjects\hmall\user-service\target\classes started by 86151 in E:\MyCode\JavaProjects\hmall)
00:29:06:125 DEBUG 99040 --- [main] com.hmall.user.UserApplication           : Running with Spring Boot v2.7.12, Spring v5.3.27
00:29:06:131  INFO 99040 --- [main] com.hmall.user.UserApplication           : The following 1 profile is active: "local"
00:29:09:415 ERROR 99040 --- [main] o.s.boot.SpringApplication               : Application run failed

java.lang.IllegalStateException: Error processing condition on com.hmall.common.config.MyBatisConfig.mybatisPlusInterceptor
	at org.springframework.boot.autoconfigure.condition.SpringBootCondition.matches(SpringBootCondition.java:60) ~[spring-boot-autoconfigure-2.7.12.jar:2.7.12]
	at org.springframework.context.annotation.ConditionEvaluator.shouldSkip(ConditionEvaluator.java:108) ~[spring-context-5.3.27.jar:5.3.27]
	at org.springframework.context.annotation.ConfigurationClassBeanDefinitionReader.loadBeanDefinitionsForBeanMethod(ConfigurationClassBeanDefinitionReader.java:193) ~[spring-context-5.3.27.jar:5.3.27]
	at org.springframework.context.annotation.ConfigurationClassBeanDefinitionReader.loadBeanDefinitionsForConfigurationClass(ConfigurationClassBeanDefinitionReader.java:153) ~[spring-context-5.3.27.jar:5.3.27]
	at org.springframework.context.annotation.ConfigurationClassBeanDefinitionReader.loadBeanDefinitions(ConfigurationClassBeanDefinitionReader.java:129) ~[spring-context-5.3.27.jar:5.3.27]
	at org.springframework.context.annotation.ConfigurationClassPostProcessor.processConfigBeanDefinitions(ConfigurationClassPostProcessor.java:343) ~[spring-context-5.3.27.jar:5.3.27]
	at org.springframework.context.annotation.ConfigurationClassPostProcessor.postProcessBeanDefinitionRegistry(ConfigurationClassPostProcessor.java:247) ~[spring-context-5.3.27.jar:5.3.27]
	at org.springframework.context.support.PostProcessorRegistrationDelegate.invokeBeanDefinitionRegistryPostProcessors(PostProcessorRegistrationDelegate.java:311) ~[spring-context-5.3.27.jar:5.3.27]
	at org.springframework.context.support.PostProcessorRegistrationDelegate.invokeBeanFactoryPostProcessors(PostProcessorRegistrationDelegate.java:112) ~[spring-context-5.3.27.jar:5.3.27]
	at org.springframework.context.support.AbstractApplicationContext.invokeBeanFactoryPostProcessors(AbstractApplicationContext.java:748) ~[spring-context-5.3.27.jar:5.3.27]
	at org.springframework.context.support.AbstractApplicationContext.refresh(AbstractApplicationContext.java:564) ~[spring-context-5.3.27.jar:5.3.27]
	at org.springframework.boot.web.servlet.context.ServletWebServerApplicationContext.refresh(ServletWebServerApplicationContext.java:147) ~[spring-boot-2.7.12.jar:2.7.12]
	at org.springframework.boot.SpringApplication.refresh(SpringApplication.java:731) ~[spring-boot-2.7.12.jar:2.7.12]
	at org.springframework.boot.SpringApplication.refreshContext(SpringApplication.java:408) ~[spring-boot-2.7.12.jar:2.7.12]
	at org.springframework.boot.SpringApplication.run(SpringApplication.java:307) ~[spring-boot-2.7.12.jar:2.7.12]
	at org.springframework.boot.SpringApplication.run(SpringApplication.java:1303) ~[spring-boot-2.7.12.jar:2.7.12]
	at org.springframework.boot.SpringApplication.run(SpringApplication.java:1292) ~[spring-boot-2.7.12.jar:2.7.12]
	at com.hmall.user.UserApplication.main(UserApplication.java:11) ~[classes/:na]
Caused by: java.lang.IllegalStateException: Failed to introspect Class [com.hmall.common.config.MqConfig] from ClassLoader [jdk.internal.loader.ClassLoaders$AppClassLoader@71bc1ae4]
	at org.springframework.util.ReflectionUtils.getDeclaredMethods(ReflectionUtils.java:485) ~[spring-core-5.3.27.jar:5.3.27]
	at org.springframework.util.ReflectionUtils.doWithMethods(ReflectionUtils.java:361) ~[spring-core-5.3.27.jar:5.3.27]
	at org.springframework.util.ReflectionUtils.getUniqueDeclaredMethods(ReflectionUtils.java:418) ~[spring-core-5.3.27.jar:5.3.27]
	at org.springframework.beans.factory.support.AbstractAutowireCapableBeanFactory.lambda$getTypeForFactoryMethod$2(AbstractAutowireCapableBeanFactory.java:765) ~[spring-beans-5.3.27.jar:5.3.27]
	at java.base/java.util.concurrent.ConcurrentHashMap.computeIfAbsent(ConcurrentHashMap.java:1737) ~[na:na]
	at org.springframework.beans.factory.support.AbstractAutowireCapableBeanFactory.getTypeForFactoryMethod(AbstractAutowireCapableBeanFactory.java:764) ~[spring-beans-5.3.27.jar:5.3.27]
	at org.springframework.beans.factory.support.AbstractAutowireCapableBeanFactory.determineTargetType(AbstractAutowireCapableBeanFactory.java:703) ~[spring-beans-5.3.27.jar:5.3.27]
	at org.springframework.beans.factory.support.AbstractAutowireCapableBeanFactory.predictBeanType(AbstractAutowireCapableBeanFactory.java:674) ~[spring-beans-5.3.27.jar:5.3.27]
	at org.springframework.beans.factory.support.AbstractBeanFactory.isFactoryBean(AbstractBeanFactory.java:1684) ~[spring-beans-5.3.27.jar:5.3.27]
	at org.springframework.beans.factory.support.DefaultListableBeanFactory.doGetBeanNamesForType(DefaultListableBeanFactory.java:570) ~[spring-beans-5.3.27.jar:5.3.27]
	at org.springframework.beans.factory.support.DefaultListableBeanFactory.getBeanNamesForType(DefaultListableBeanFactory.java:542) ~[spring-beans-5.3.27.jar:5.3.27]
	at org.springframework.boot.autoconfigure.condition.OnBeanCondition.collectBeanNamesForType(OnBeanCondition.java:246) ~[spring-boot-autoconfigure-2.7.12.jar:2.7.12]
	at org.springframework.boot.autoconfigure.condition.OnBeanCondition.getBeanNamesForType(OnBeanCondition.java:239) ~[spring-boot-autoconfigure-2.7.12.jar:2.7.12]
	at org.springframework.boot.autoconfigure.condition.OnBeanCondition.getBeanNamesForType(OnBeanCondition.java:229) ~[spring-boot-autoconfigure-2.7.12.jar:2.7.12]
	at org.springframework.boot.autoconfigure.condition.OnBeanCondition.getMatchingBeans(OnBeanCondition.java:182) ~[spring-boot-autoconfigure-2.7.12.jar:2.7.12]
	at org.springframework.boot.autoconfigure.condition.OnBeanCondition.getMatchOutcome(OnBeanCondition.java:157) ~[spring-boot-autoconfigure-2.7.12.jar:2.7.12]
	at org.springframework.boot.autoconfigure.condition.SpringBootCondition.matches(SpringBootCondition.java:47) ~[spring-boot-autoconfigure-2.7.12.jar:2.7.12]
	... 17 common frames omitted
Caused by: java.lang.NoClassDefFoundError: org/springframework/amqp/support/converter/MessageConverter
	at java.base/java.lang.Class.getDeclaredMethods0(Native Method) ~[na:na]
	at java.base/java.lang.Class.privateGetDeclaredMethods(Class.java:3166) ~[na:na]
	at java.base/java.lang.Class.getDeclaredMethods(Class.java:2309) ~[na:na]
	at org.springframework.util.ReflectionUtils.getDeclaredMethods(ReflectionUtils.java:467) ~[spring-core-5.3.27.jar:5.3.27]
	... 33 common frames omitted
Caused by: java.lang.ClassNotFoundException: org.springframework.amqp.support.converter.MessageConverter
	at java.base/jdk.internal.loader.BuiltinClassLoader.loadClass(BuiltinClassLoader.java:581) ~[na:na]
	at java.base/jdk.internal.loader.ClassLoaders$AppClassLoader.loadClass(ClassLoaders.java:178) ~[na:na]
	at java.base/java.lang.ClassLoader.loadClass(ClassLoader.java:522) ~[na:na]
	... 37 common frames omitted

00:29:09:428  WARN 99040 --- [main] o.s.boot.SpringApplication               : Unable to close ApplicationContext

java.lang.IllegalStateException: Failed to introspect Class [com.hmall.common.config.MqConfig] from ClassLoader [jdk.internal.loader.ClassLoaders$AppClassLoader@71bc1ae4]
	at org.springframework.util.ReflectionUtils.getDeclaredMethods(ReflectionUtils.java:485) ~[spring-core-5.3.27.jar:5.3.27]
	at org.springframework.util.ReflectionUtils.doWithMethods(ReflectionUtils.java:361) ~[spring-core-5.3.27.jar:5.3.27]
	at org.springframework.util.ReflectionUtils.getUniqueDeclaredMethods(ReflectionUtils.java:418) ~[spring-core-5.3.27.jar:5.3.27]
	at org.springframework.beans.factory.support.AbstractAutowireCapableBeanFactory.lambda$getTypeForFactoryMethod$2(AbstractAutowireCapableBeanFactory.java:765) ~[spring-beans-5.3.27.jar:5.3.27]
	at java.base/java.util.concurrent.ConcurrentHashMap.computeIfAbsent(ConcurrentHashMap.java:1737) ~[na:na]
	at org.springframework.beans.factory.support.AbstractAutowireCapableBeanFactory.getTypeForFactoryMethod(AbstractAutowireCapableBeanFactory.java:764) ~[spring-beans-5.3.27.jar:5.3.27]
	at org.springframework.beans.factory.support.AbstractAutowireCapableBeanFactory.determineTargetType(AbstractAutowireCapableBeanFactory.java:703) ~[spring-beans-5.3.27.jar:5.3.27]
	at org.springframework.beans.factory.support.AbstractAutowireCapableBeanFactory.predictBeanType(AbstractAutowireCapableBeanFactory.java:674) ~[spring-beans-5.3.27.jar:5.3.27]
	at org.springframework.beans.factory.support.AbstractBeanFactory.isFactoryBean(AbstractBeanFactory.java:1684) ~[spring-beans-5.3.27.jar:5.3.27]
	at org.springframework.beans.factory.support.DefaultListableBeanFactory.doGetBeanNamesForType(DefaultListableBeanFactory.java:570) ~[spring-beans-5.3.27.jar:5.3.27]
	at org.springframework.beans.factory.support.DefaultListableBeanFactory.getBeanNamesForType(DefaultListableBeanFactory.java:542) ~[spring-beans-5.3.27.jar:5.3.27]
	at org.springframework.beans.factory.support.DefaultListableBeanFactory.getBeansOfType(DefaultListableBeanFactory.java:669) ~[spring-beans-5.3.27.jar:5.3.27]
	at org.springframework.beans.factory.support.DefaultListableBeanFactory.getBeansOfType(DefaultListableBeanFactory.java:661) ~[spring-beans-5.3.27.jar:5.3.27]
	at org.springframework.context.support.AbstractApplicationContext.getBeansOfType(AbstractApplicationContext.java:1302) ~[spring-context-5.3.27.jar:5.3.27]
	at org.springframework.boot.SpringApplication.getExitCodeFromMappedException(SpringApplication.java:864) ~[spring-boot-2.7.12.jar:2.7.12]
	at org.springframework.boot.SpringApplication.getExitCodeFromException(SpringApplication.java:852) ~[spring-boot-2.7.12.jar:2.7.12]
	at org.springframework.boot.SpringApplication.handleExitCode(SpringApplication.java:839) ~[spring-boot-2.7.12.jar:2.7.12]
	at org.springframework.boot.SpringApplication.handleRunFailure(SpringApplication.java:779) ~[spring-boot-2.7.12.jar:2.7.12]
	at org.springframework.boot.SpringApplication.run(SpringApplication.java:317) ~[spring-boot-2.7.12.jar:2.7.12]
	at org.springframework.boot.SpringApplication.run(SpringApplication.java:1303) ~[spring-boot-2.7.12.jar:2.7.12]
	at org.springframework.boot.SpringApplication.run(SpringApplication.java:1292) ~[spring-boot-2.7.12.jar:2.7.12]
	at com.hmall.user.UserApplication.main(UserApplication.java:11) ~[classes/:na]
Caused by: java.lang.NoClassDefFoundError: org/springframework/amqp/support/converter/MessageConverter
	at java.base/java.lang.Class.getDeclaredMethods0(Native Method) ~[na:na]
	at java.base/java.lang.Class.privateGetDeclaredMethods(Class.java:3166) ~[na:na]
	at java.base/java.lang.Class.getDeclaredMethods(Class.java:2309) ~[na:na]
	at org.springframework.util.ReflectionUtils.getDeclaredMethods(ReflectionUtils.java:467) ~[spring-core-5.3.27.jar:5.3.27]
	... 21 common frames omitted
Caused by: java.lang.ClassNotFoundException: org.springframework.amqp.support.converter.MessageConverter
	at java.base/jdk.internal.loader.BuiltinClassLoader.loadClass(BuiltinClassLoader.java:581) ~[na:na]
	at java.base/jdk.internal.loader.ClassLoaders$AppClassLoader.loadClass(ClassLoaders.java:178) ~[na:na]
	at java.base/java.lang.ClassLoader.loadClass(ClassLoader.java:522) ~[na:na]
	... 25 common frames omitted

00:30:14:618  INFO 109716 --- [main] com.hmall.user.UserApplication           : Starting UserApplication using Java 11.0.16 on LAPTOP-6LFO0TPN with PID 109716 (E:\MyCode\JavaProjects\hmall\user-service\target\classes started by 86151 in E:\MyCode\JavaProjects\hmall)
00:30:14:620 DEBUG 109716 --- [main] com.hmall.user.UserApplication           : Running with Spring Boot v2.7.12, Spring v5.3.27
00:30:14:620  INFO 109716 --- [main] com.hmall.user.UserApplication           : The following 1 profile is active: "local"
00:30:16:699  INFO 109716 --- [main] o.s.cloud.context.scope.GenericScope     : BeanFactory id=46f69ca7-2745-37db-a44f-20f44b961b4b
00:30:17:409  INFO 109716 --- [main] o.s.b.w.embedded.tomcat.TomcatWebServer  : Tomcat initialized with port(s): 8084 (http)
00:30:17:423  INFO 109716 --- [main] o.apache.catalina.core.StandardService   : Starting service [Tomcat]
00:30:17:423  INFO 109716 --- [main] org.apache.catalina.core.StandardEngine  : Starting Servlet engine: [Apache Tomcat/9.0.75]
00:30:17:731  INFO 109716 --- [main] o.a.c.c.C.[Tomcat].[localhost].[/]       : Initializing Spring embedded WebApplicationContext
00:30:17:731  INFO 109716 --- [main] w.s.c.ServletWebServerApplicationContext : Root WebApplicationContext: initialization completed in 3011 ms
00:30:32:312  INFO 109716 --- [main] pertySourcedRequestMappingHandlerMapping : Mapped URL path [/v2/api-docs] onto method [springfox.documentation.swagger2.web.Swagger2ControllerWebMvc#getDocumentation(String, HttpServletRequest)]
00:30:36:846  INFO 109716 --- [main] com.alibaba.nacos.common.remote.client   : [RpcClientFactory] create a new rpc client of 44482616-2aad-403f-8a9e-836fecb85347
00:30:36:930  INFO 109716 --- [main] org.reflections.Reflections              : Reflections took 36 ms to scan 1 urls, producing 3 keys and 6 values 
00:30:36:968  INFO 109716 --- [main] org.reflections.Reflections              : Reflections took 12 ms to scan 1 urls, producing 4 keys and 9 values 
00:30:36:983  INFO 109716 --- [main] org.reflections.Reflections              : Reflections took 10 ms to scan 1 urls, producing 3 keys and 10 values 
00:30:36:985  WARN 109716 --- [main] org.reflections.Reflections              : given scan urls are empty. set urls in the configuration
00:30:36:997  INFO 109716 --- [main] org.reflections.Reflections              : Reflections took 10 ms to scan 1 urls, producing 1 keys and 5 values 
00:30:37:010  INFO 109716 --- [main] org.reflections.Reflections              : Reflections took 9 ms to scan 1 urls, producing 1 keys and 7 values 
00:30:37:026  INFO 109716 --- [main] org.reflections.Reflections              : Reflections took 10 ms to scan 1 urls, producing 2 keys and 8 values 
00:30:37:029  WARN 109716 --- [main] org.reflections.Reflections              : given scan urls are empty. set urls in the configuration
00:30:37:030  INFO 109716 --- [main] com.alibaba.nacos.common.remote.client   : [44482616-2aad-403f-8a9e-836fecb85347] RpcClient init label, labels = {module=naming, source=sdk}
00:30:37:034  INFO 109716 --- [main] com.alibaba.nacos.common.remote.client   : [44482616-2aad-403f-8a9e-836fecb85347] RpcClient init, ServerListFactory = com.alibaba.nacos.client.naming.core.ServerListManager
00:30:37:034  INFO 109716 --- [main] com.alibaba.nacos.common.remote.client   : [44482616-2aad-403f-8a9e-836fecb85347] Registry connection listener to current client:com.alibaba.nacos.client.naming.remote.gprc.redo.NamingGrpcRedoService
00:30:37:035  INFO 109716 --- [main] com.alibaba.nacos.common.remote.client   : [44482616-2aad-403f-8a9e-836fecb85347] Register server push request handler:com.alibaba.nacos.client.naming.remote.gprc.NamingPushRequestHandler
00:30:37:037  INFO 109716 --- [main] com.alibaba.nacos.common.remote.client   : [44482616-2aad-403f-8a9e-836fecb85347] Try to connect to server on start up, server: {serverIp = '192.168.100.128', server main port = 8848}
00:30:43:742 ERROR 109716 --- [main] c.a.n.c.remote.client.grpc.GrpcClient    : Server check fail, please check server 192.168.100.128 ,port 9848 is available , error ={}

java.util.concurrent.TimeoutException: Waited 3000 milliseconds (plus 2 milliseconds, 329300 nanoseconds delay) for com.alibaba.nacos.shaded.io.grpc.stub.ClientCalls$GrpcFuture@152dbf8e[status=PENDING, info=[GrpcFuture{clientCall={delegate={delegate=ClientCallImpl{method=MethodDescriptor{fullMethodName=Request/request, type=UNARY, idempotent=false, safe=false, sampledToLocalTracing=true, requestMarshaller=com.alibaba.nacos.shaded.io.grpc.protobuf.lite.ProtoLiteUtils$MessageMarshaller@4946dfde, responseMarshaller=com.alibaba.nacos.shaded.io.grpc.protobuf.lite.ProtoLiteUtils$MessageMarshaller@77972964, schemaDescriptor=com.alibaba.nacos.api.grpc.auto.RequestGrpc$RequestMethodDescriptorSupplier@794f937a}}}}}]]
	at com.alibaba.nacos.shaded.com.google.common.util.concurrent.AbstractFuture.get(AbstractFuture.java:508) ~[nacos-client-2.0.4.jar:na]
	at com.alibaba.nacos.common.remote.client.grpc.GrpcClient.serverCheck(GrpcClient.java:148) ~[nacos-client-2.0.4.jar:na]
	at com.alibaba.nacos.common.remote.client.grpc.GrpcClient.connectToServer(GrpcClient.java:264) ~[nacos-client-2.0.4.jar:na]
	at com.alibaba.nacos.common.remote.client.RpcClient.start(RpcClient.java:390) ~[nacos-client-2.0.4.jar:na]
	at com.alibaba.nacos.client.naming.remote.gprc.NamingGrpcClientProxy.start(NamingGrpcClientProxy.java:96) ~[nacos-client-2.0.4.jar:na]
	at com.alibaba.nacos.client.naming.remote.gprc.NamingGrpcClientProxy.<init>(NamingGrpcClientProxy.java:89) ~[nacos-client-2.0.4.jar:na]
	at com.alibaba.nacos.client.naming.remote.NamingClientProxyDelegate.<init>(NamingClientProxyDelegate.java:76) ~[nacos-client-2.0.4.jar:na]
	at com.alibaba.nacos.client.naming.NacosNamingService.init(NacosNamingService.java:95) ~[nacos-client-2.0.4.jar:na]
	at com.alibaba.nacos.client.naming.NacosNamingService.<init>(NacosNamingService.java:81) ~[nacos-client-2.0.4.jar:na]
	at java.base/jdk.internal.reflect.NativeConstructorAccessorImpl.newInstance0(Native Method) ~[na:na]
	at java.base/jdk.internal.reflect.NativeConstructorAccessorImpl.newInstance(NativeConstructorAccessorImpl.java:62) ~[na:na]
	at java.base/jdk.internal.reflect.DelegatingConstructorAccessorImpl.newInstance(DelegatingConstructorAccessorImpl.java:45) ~[na:na]
	at java.base/java.lang.reflect.Constructor.newInstance(Constructor.java:490) ~[na:na]
	at com.alibaba.nacos.api.naming.NamingFactory.createNamingService(NamingFactory.java:59) ~[nacos-client-2.0.4.jar:na]
	at com.alibaba.nacos.api.NacosFactory.createNamingService(NacosFactory.java:77) ~[nacos-client-2.0.4.jar:na]
	at com.alibaba.cloud.nacos.NacosServiceManager.createNewNamingService(NacosServiceManager.java:99) ~[spring-cloud-starter-alibaba-nacos-discovery-2021.0.4.0.jar:2021.0.4.0]
	at com.alibaba.cloud.nacos.NacosServiceManager.buildNamingService(NacosServiceManager.java:90) ~[spring-cloud-starter-alibaba-nacos-discovery-2021.0.4.0.jar:2021.0.4.0]
	at com.alibaba.cloud.nacos.NacosServiceManager.getNamingService(NacosServiceManager.java:46) ~[spring-cloud-starter-alibaba-nacos-discovery-2021.0.4.0.jar:2021.0.4.0]
	at com.alibaba.cloud.nacos.discovery.NacosWatch.start(NacosWatch.java:130) ~[spring-cloud-starter-alibaba-nacos-discovery-2021.0.4.0.jar:2021.0.4.0]
	at org.springframework.context.support.DefaultLifecycleProcessor.doStart(DefaultLifecycleProcessor.java:178) ~[spring-context-5.3.27.jar:5.3.27]
	at org.springframework.context.support.DefaultLifecycleProcessor.access$200(DefaultLifecycleProcessor.java:54) ~[spring-context-5.3.27.jar:5.3.27]
	at org.springframework.context.support.DefaultLifecycleProcessor$LifecycleGroup.start(DefaultLifecycleProcessor.java:356) ~[spring-context-5.3.27.jar:5.3.27]
	at java.base/java.lang.Iterable.forEach(Iterable.java:75) ~[na:na]
	at org.springframework.context.support.DefaultLifecycleProcessor.startBeans(DefaultLifecycleProcessor.java:155) ~[spring-context-5.3.27.jar:5.3.27]
	at org.springframework.context.support.DefaultLifecycleProcessor.onRefresh(DefaultLifecycleProcessor.java:123) ~[spring-context-5.3.27.jar:5.3.27]
	at org.springframework.context.support.AbstractApplicationContext.finishRefresh(AbstractApplicationContext.java:937) ~[spring-context-5.3.27.jar:5.3.27]
	at org.springframework.context.support.AbstractApplicationContext.refresh(AbstractApplicationContext.java:586) ~[spring-context-5.3.27.jar:5.3.27]
	at org.springframework.boot.web.servlet.context.ServletWebServerApplicationContext.refresh(ServletWebServerApplicationContext.java:147) ~[spring-boot-2.7.12.jar:2.7.12]
	at org.springframework.boot.SpringApplication.refresh(SpringApplication.java:731) ~[spring-boot-2.7.12.jar:2.7.12]
	at org.springframework.boot.SpringApplication.refreshContext(SpringApplication.java:408) ~[spring-boot-2.7.12.jar:2.7.12]
	at org.springframework.boot.SpringApplication.run(SpringApplication.java:307) ~[spring-boot-2.7.12.jar:2.7.12]
	at org.springframework.boot.SpringApplication.run(SpringApplication.java:1303) ~[spring-boot-2.7.12.jar:2.7.12]
	at org.springframework.boot.SpringApplication.run(SpringApplication.java:1292) ~[spring-boot-2.7.12.jar:2.7.12]
	at com.hmall.user.UserApplication.main(UserApplication.java:11) ~[classes/:na]

00:30:43:748  INFO 109716 --- [main] com.alibaba.nacos.common.remote.client   : [44482616-2aad-403f-8a9e-836fecb85347] Try to connect to server on start up, server: {serverIp = '192.168.100.128', server main port = 8848}
00:30:44:790  INFO 109716 --- [main] com.alibaba.nacos.common.remote.client   : [44482616-2aad-403f-8a9e-836fecb85347] Success to connect to server [192.168.100.128:8848] on start up, connectionId = 1763051444530_192.168.100.1_51801
00:30:44:790  INFO 109716 --- [com.alibaba.nacos.client.remote.worker] com.alibaba.nacos.common.remote.client   : [44482616-2aad-403f-8a9e-836fecb85347] Notify connected event to listeners.
00:30:44:791  INFO 109716 --- [main] com.alibaba.nacos.common.remote.client   : [44482616-2aad-403f-8a9e-836fecb85347] Register server push request handler:com.alibaba.nacos.common.remote.client.RpcClient$ConnectResetRequestHandler
00:30:44:792  INFO 109716 --- [main] com.alibaba.nacos.common.remote.client   : [44482616-2aad-403f-8a9e-836fecb85347] Register server push request handler:com.alibaba.nacos.common.remote.client.RpcClient$$Lambda$1046/0x0000000800806440
00:30:44:873  INFO 109716 --- [main] o.s.b.w.embedded.tomcat.TomcatWebServer  : Tomcat started on port(s): 8084 (http) with context path ''
00:30:44:885  INFO 109716 --- [main] c.a.c.n.registry.NacosServiceRegistry    : nacos registry, DEFAULT_GROUP user-service 192.168.125.1:8084 register finished
00:30:45:377  INFO 109716 --- [nacos-grpc-client-executor-8] com.alibaba.nacos.common.remote.client   : [44482616-2aad-403f-8a9e-836fecb85347] Receive server push request, request = NotifySubscriberRequest, requestId = 233
00:30:45:385  INFO 109716 --- [nacos-grpc-client-executor-8] com.alibaba.nacos.common.remote.client   : [44482616-2aad-403f-8a9e-836fecb85347] Ack server push request, request = NotifySubscriberRequest, requestId = 233
00:30:49:597  INFO 109716 --- [main] d.s.w.p.DocumentationPluginsBootstrapper : Documentation plugins bootstrapped
00:30:49:619  INFO 109716 --- [main] d.s.w.p.DocumentationPluginsBootstrapper : Found 1 custom documentation plugin(s)
00:30:49:672  INFO 109716 --- [main] s.d.s.w.s.ApiListingReferenceScanner     : Scanning for api listing references
00:30:49:975  INFO 109716 --- [main] com.hmall.user.UserApplication           : Started UserApplication in 42.001 seconds (JVM running for 52.489)
00:33:48:560  INFO 109716 --- [http-nio-8084-exec-2] o.a.c.c.C.[Tomcat].[localhost].[/]       : Initializing Spring DispatcherServlet 'dispatcherServlet'
00:33:48:570  INFO 109716 --- [http-nio-8084-exec-2] o.s.web.servlet.DispatcherServlet        : Initializing Servlet 'dispatcherServlet'
00:33:48:659  INFO 109716 --- [http-nio-8084-exec-2] o.s.web.servlet.DispatcherServlet        : Completed initialization in 87 ms
00:33:49:438  INFO 109716 --- [http-nio-8084-exec-2] com.zaxxer.hikari.HikariDataSource       : HikariPool-1 - Starting...
00:33:49:985  INFO 109716 --- [http-nio-8084-exec-2] com.zaxxer.hikari.HikariDataSource       : HikariPool-1 - Start completed.
00:33:50:001 DEBUG 109716 --- [http-nio-8084-exec-2] c.h.user.mapper.UserMapper.selectOne     : ==>  Preparing: SELECT id,username,password,phone,create_time,update_time,status,balance FROM user WHERE (username = ?)
00:33:50:047 DEBUG 109716 --- [http-nio-8084-exec-2] c.h.user.mapper.UserMapper.selectOne     : ==> Parameters: jack(String)
00:33:50:106 DEBUG 109716 --- [http-nio-8084-exec-2] c.h.user.mapper.UserMapper.selectOne     : <==      Total: 1
00:33:55:559 DEBUG 109716 --- [http-nio-8084-exec-3] c.h.user.mapper.UserMapper.selectOne     : ==>  Preparing: SELECT id,username,password,phone,create_time,update_time,status,balance FROM user WHERE (username = ?)
00:33:55:577 DEBUG 109716 --- [http-nio-8084-exec-3] c.h.user.mapper.UserMapper.selectOne     : ==> Parameters: jack(String)
00:33:55:579 DEBUG 109716 --- [http-nio-8084-exec-3] c.h.user.mapper.UserMapper.selectOne     : <==      Total: 1
00:34:08:995 DEBUG 109716 --- [http-nio-8084-exec-4] c.h.u.mapper.AddressMapper.selectList    : ==>  Preparing: SELECT id,user_id,province,city,town,mobile,street,contact,is_default,notes FROM address WHERE (user_id = ?)
00:34:08:996 DEBUG 109716 --- [http-nio-8084-exec-4] c.h.u.mapper.AddressMapper.selectList    : ==> Parameters: 1(Long)
00:34:09:035 DEBUG 109716 --- [http-nio-8084-exec-4] c.h.u.mapper.AddressMapper.selectList    : <==      Total: 4
00:35:54:196  INFO 109716 --- [http-nio-8084-exec-6] c.h.user.service.impl.UserServiceImpl    : 开始扣款
00:35:54:317 DEBUG 109716 --- [http-nio-8084-exec-6] c.h.user.mapper.UserMapper.selectById    : ==>  Preparing: SELECT id,username,password,phone,create_time,update_time,status,balance FROM user WHERE id=?
00:35:54:331 DEBUG 109716 --- [http-nio-8084-exec-6] c.h.user.mapper.UserMapper.selectById    : ==> Parameters: 1(Long)
00:35:54:367 DEBUG 109716 --- [http-nio-8084-exec-6] c.h.user.mapper.UserMapper.selectById    : <==      Total: 1
00:35:54:507 DEBUG 109716 --- [http-nio-8084-exec-6] c.h.user.mapper.UserMapper.updateMoney   : ==>  Preparing: update user set balance = balance - 414900 where id = ?
00:35:54:507 DEBUG 109716 --- [http-nio-8084-exec-6] c.h.user.mapper.UserMapper.updateMoney   : ==> Parameters: 1(Long)
00:35:54:515 DEBUG 109716 --- [http-nio-8084-exec-6] c.h.user.mapper.UserMapper.updateMoney   : <==    Updates: 1
00:35:54:515  INFO 109716 --- [http-nio-8084-exec-6] c.h.user.service.impl.UserServiceImpl    : 扣款成功
00:39:56:621 DEBUG 109716 --- [http-nio-8084-exec-8] c.h.u.mapper.AddressMapper.selectList    : ==>  Preparing: SELECT id,user_id,province,city,town,mobile,street,contact,is_default,notes FROM address WHERE (user_id = ?)
00:39:56:650 DEBUG 109716 --- [http-nio-8084-exec-8] c.h.u.mapper.AddressMapper.selectList    : ==> Parameters: 1(Long)
00:39:56:694 DEBUG 109716 --- [http-nio-8084-exec-8] c.h.u.mapper.AddressMapper.selectList    : <==      Total: 4
00:40:50:743  INFO 109716 --- [http-nio-8084-exec-9] c.h.user.service.impl.UserServiceImpl    : 开始扣款
00:40:50:796 DEBUG 109716 --- [http-nio-8084-exec-9] c.h.user.mapper.UserMapper.selectById    : ==>  Preparing: SELECT id,username,password,phone,create_time,update_time,status,balance FROM user WHERE id=?
00:40:50:802 DEBUG 109716 --- [http-nio-8084-exec-9] c.h.user.mapper.UserMapper.selectById    : ==> Parameters: 1(Long)
00:40:50:825 DEBUG 109716 --- [http-nio-8084-exec-9] c.h.user.mapper.UserMapper.selectById    : <==      Total: 1
00:40:50:939 DEBUG 109716 --- [http-nio-8084-exec-9] c.h.user.mapper.UserMapper.updateMoney   : ==>  Preparing: update user set balance = balance - 12800 where id = ?
00:40:50:942 DEBUG 109716 --- [http-nio-8084-exec-9] c.h.user.mapper.UserMapper.updateMoney   : ==> Parameters: 1(Long)
00:40:50:947 DEBUG 109716 --- [http-nio-8084-exec-9] c.h.user.mapper.UserMapper.updateMoney   : <==    Updates: 1
00:40:50:947  INFO 109716 --- [http-nio-8084-exec-9] c.h.user.service.impl.UserServiceImpl    : 扣款成功
23:25:03:456  INFO 109716 --- [com.alibaba.nacos.client.remote.worker] com.alibaba.nacos.common.remote.client   : [44482616-2aad-403f-8a9e-836fecb85347] Server healthy check fail, currentConnection = 1763051444530_192.168.100.1_51801
23:25:03:606  INFO 109716 --- [com.alibaba.nacos.client.remote.worker] com.alibaba.nacos.common.remote.client   : [44482616-2aad-403f-8a9e-836fecb85347] Try to reconnect to a new server, server is  not appointed, will choose a random server.
23:25:04:604  INFO 109716 --- [com.alibaba.nacos.client.remote.worker] com.alibaba.nacos.common.remote.client   : [44482616-2aad-403f-8a9e-836fecb85347] Success to connect a server [192.168.100.128:8848], connectionId = 1763133904478_192.168.100.1_63369
23:25:04:606  INFO 109716 --- [com.alibaba.nacos.client.remote.worker] com.alibaba.nacos.common.remote.client   : [44482616-2aad-403f-8a9e-836fecb85347] Abandon prev connection, server is 192.168.100.128:8848, connectionId is 1763051444530_192.168.100.1_51801
23:25:04:613  INFO 109716 --- [com.alibaba.nacos.client.remote.worker] com.alibaba.nacos.common.remote.client   : Close current connection 1763051444530_192.168.100.1_51801
23:25:04:621  INFO 109716 --- [com.alibaba.nacos.client.remote.worker] com.alibaba.nacos.common.remote.client   : [44482616-2aad-403f-8a9e-836fecb85347] Notify disconnected event to listeners
23:25:04:643  WARN 109716 --- [nacos-grpc-client-executor-16849] c.a.n.c.remote.client.grpc.GrpcClient    : [1763051444530_192.168.100.1_51801]Ignore error event,isRunning:true,isAbandon=true
23:25:04:675  INFO 109716 --- [com.alibaba.nacos.client.remote.worker] com.alibaba.nacos.common.remote.client   : [44482616-2aad-403f-8a9e-836fecb85347] Notify connected event to listeners.
23:25:06:024  INFO 109716 --- [nacos-grpc-client-executor-16852] com.alibaba.nacos.common.remote.client   : [44482616-2aad-403f-8a9e-836fecb85347] Receive server push request, request = NotifySubscriberRequest, requestId = 286
23:25:06:025  INFO 109716 --- [nacos-grpc-client-executor-16852] com.alibaba.nacos.common.remote.client   : [44482616-2aad-403f-8a9e-836fecb85347] Ack server push request, request = NotifySubscriberRequest, requestId = 286
